Steam Console Client (c) Valve Corporation - version 1782532820
-- type 'quit' to exit --
Loading Steam API...OK
force_install_dir "E:/lpk-studio-storage/workshop_cache"

Connecting anonymously to Steam Public...OK
Waiting for client config...OK
Waiting for user info...OK
workshop_download_item 616720 2784402381
Downloading item 2784402381 ...
Success. Downloaded item 2784402381 to "e:\lpk-studio-storage\workshop_cache\steamapps\workshop\content\616720\2784402381" (1130752 bytes) workshop_download_item 616720 2784401285
Downloading item 2784401285 ...
Success. Downloaded item 2784401285 to "e:\lpk-studio-storage\workshop_cache\steamapps\workshop\content\616720\2784401285" (757024 bytes) workshop_download_item 616720 2784377063
Downloading item 2784377063 ...
Success. Downloaded item 2784377063 to "e:\lpk-studio-storage\workshop_cache\steamapps\workshop\content\616720\2784377063" (4240429 bytes) workshop_download_item 616720 2784304789
Downloading item 2784304789 ...
Success. Downloaded item 2784304789 to "e:\lpk-studio-storage\workshop_cache\steamapps\workshop\content\616720\2784304789" (916216 bytes) workshop_download_item 616720 2784253333
Downloading item 2784253333 ...
Success. Downloaded item 2784253333 to "e:\lpk-studio-storage\workshop_cache\steamapps\workshop\content\616720\2784253333" (421518 bytes) workshop_download_item 616720 2784253088
Downloading item 2784253088 ...
Success. Downloaded item 2784253088 to "e:\lpk-studio-storage\workshop_cache\steamapps\workshop\content\616720\2784253088" (422335 bytes) workshop_download_item 616720 2784252955
Downloading item 2784252955 ...
Success. Downloaded item 2784252955 to "e:\lpk-studio-storage\workshop_cache\steamapps\workshop\content\616720\2784252955" (504143 bytes) workshop_download_item 616720 2784252744
Downloading item 2784252744 ...
Success. Downloaded item 2784252744 to "e:\lpk-studio-storage\workshop_cache\steamapps\workshop\content\616720\2784252744" (500906 bytes) workshop_download_item 616720 2661864554
Downloading item 2661864554 ...
Success. Downloaded item 2661864554 to "e:\lpk-studio-storage\workshop_cache\steamapps\workshop\content\616720\2661864554" (397790 bytes) workshop_download_item 616720 2588967490
Downloading item 2588967490 ...
Success. Downloaded item 2588967490 to "e:\lpk-studio-storage\workshop_cache\steamapps\workshop\content\616720\2588967490" (12827535 bytes) workshop_download_item 616720 2588320397
Downloading item 2588320397 ...
Success. Downloaded item 2588320397 to "e:\lpk-studio-storage\workshop_cache\steamapps\workshop\content\616720\2588320397" (5208661 bytes) workshop_download_item 616720 2588209550
Downloading item 2588209550 ...
Success. Downloaded item 2588209550 to "e:\lpk-studio-storage\workshop_cache\steamapps\workshop\content\616720\2588209550" (2672264 bytes) workshop_download_item 616720 2587126942
Downloading item 2587126942 ...
Success. Downloaded item 2587126942 to "e:\lpk-studio-storage\workshop_cache\steamapps\workshop\content\616720\2587126942" (890803 bytes) workshop_download_item 616720 2292139540
Downloading item 2292139540 ...
Success. Downloaded item 2292139540 to "e:\lpk-studio-storage\workshop_cache\steamapps\workshop\content\616720\2292139540" (1170027 bytes) workshop_download_item 616720 2017887476
Downloading item 2017887476 ...
Success. Downloaded item 2017887476 to "e:\lpk-studio-storage\workshop_cache\steamapps\workshop\content\616720\2017887476" (5809766 bytes) workshop_download_item 616720 1268137040
Downloading item 1268137040 ...
Success. Downloaded item 1268137040 to "e:\lpk-studio-storage\workshop_cache\steamapps\workshop\content\616720\1268137040" (1667107 bytes) workshop_download_item 616720 1267399211
Downloading item 1267399211 ...
Success. Downloaded item 1267399211 to "e:\lpk-studio-storage\workshop_cache\steamapps\workshop\content\616720\1267399211" (4097136 bytes) workshop_download_item 616720 1264802182
Downloading item 1264802182 ...
Success. Downloaded item 1264802182 to "e:\lpk-studio-storage\workshop_cache\steamapps\workshop\content\616720\1264802182" (1760753 bytes) workshop_download_item 616720 1258760465
Downloading item 1258760465 ...
Success. Downloaded item 1258760465 to "e:\lpk-studio-storage\workshop_cache\steamapps\workshop\content\616720\1258760465" (4715023 bytes) workshop_download_item 616720 1258743813
Downloading item 1258743813 ...
Success. Downloaded item 1258743813 to "e:\lpk-studio-storage\workshop_cache\steamapps\workshop\content\616720\1258743813" (1507086 bytes) workshop_download_item 616720 1257185550
Downloading item 1257185550 ...
Success. Downloaded item 1257185550 to "e:\lpk-studio-storage\workshop_cache\steamapps\workshop\content\616720\1257185550" (7158077 bytes) workshop_download_item 616720 1256026983
Downloading item 1256026983 ...
Success. Downloaded item 1256026983 to "e:\lpk-studio-storage\workshop_cache\steamapps\workshop\content\616720\1256026983" (1099319 bytes) workshop_download_item 616720 1255673824
Downloading item 1255673824 ...
Success. Downloaded item 1255673824 to "e:\lpk-studio-storage\workshop_cache\steamapps\workshop\content\616720\1255673824" (4857155 bytes) workshop_download_item 616720 1254702664
Downloading item 1254702664 ...
Success. Downloaded item 1254702664 to "e:\lpk-studio-storage\workshop_cache\steamapps\workshop\content\616720\1254702664" (1197833 bytes) workshop_download_item 616720 1254528578
Downloading item 1254528578 ...
Success. Downloaded item 1254528578 to "e:\lpk-studio-storage\workshop_cache\steamapps\workshop\content\616720\1254528578" (5844750 bytes) workshop_download_item 616720 1242187210
Downloading item 1242187210 ...
Success. Downloaded item 1242187210 to "e:\lpk-studio-storage\workshop_cache\steamapps\workshop\content\616720\1242187210" (7519506 bytes) workshop_download_item 616720 1239005244
Downloading item 1239005244 ...
Success. Downloaded item 1239005244 to "e:\lpk-studio-storage\workshop_cache\steamapps\workshop\content\616720\1239005244" (4838485 bytes) workshop_download_item 616720 1231869864
Downloading item 1231869864 ...
Success. Downloaded item 1231869864 to "e:\lpk-studio-storage\workshop_cache\steamapps\workshop\content\616720\1231869864" (3599096 bytes) quit
Unloading Steam API...OK
Redirecting stderr to 'C:\Users\h4rdc\Documents\Github\coding-agent\VRMs\steam-lpk-packager\steamcmd\logs\stderr.txt'
Logging directory: 'C:\Users\h4rdc\Documents\Github\coding-agent\VRMs\steam-lpk-packager\steamcmd/logs'
[  0%] Checking for available updates...
[----] Verifying installation...
